2025-04-24T09:41:07.034+05:30 DEBUG 113675 --- [cloudbalance] [http-nio-8080-exec-10] o.s.security.web.FilterChainProxy        : Securing GET /login/users
2025-04-24T09:41:07.060+05:30 DEBUG 113675 --- [cloudbalance] [http-nio-8080-exec-10] o.s.s.w.a.AnonymousAuthenticationFilter  : Set SecurityContextHolder to anonymous SecurityContext
2025-04-24T09:41:07.060+05:30 DEBUG 113675 --- [cloudbalance] [http-nio-8080-exec-10] o.s.security.web.FilterChainProxy        : Secured GET /login/users
2025-04-24T09:41:59.307+05:30 DEBUG 113675 --- [cloudbalance] [http-nio-8080-exec-2] o.s.security.web.FilterChainProxy        : Securing OPTIONS /auth/login
2025-04-24T09:41:59.310+05:30 DEBUG 113675 --- [cloudbalance] [http-nio-8080-exec-3] o.s.security.web.FilterChainProxy        : Securing POST /auth/login
2025-04-24T09:41:59.311+05:30 DEBUG 113675 --- [cloudbalance] [http-nio-8080-exec-3] o.s.s.w.a.AnonymousAuthenticationFilter  : Set SecurityContextHolder to anonymous SecurityContext
2025-04-24T09:41:59.311+05:30 DEBUG 113675 --- [cloudbalance] [http-nio-8080-exec-3] o.s.security.web.FilterChainProxy        : Secured POST /auth/login
2025-04-24T09:41:59.381+05:30 DEBUG 113675 --- [cloudbalance] [http-nio-8080-exec-6] o.s.security.web.FilterChainProxy        : Securing OPTIONS /login/authenticate
2025-04-24T09:41:59.383+05:30 DEBUG 113675 --- [cloudbalance] [http-nio-8080-exec-4] o.s.security.web.FilterChainProxy        : Securing POST /login/authenticate
2025-04-24T09:41:59.389+05:30 DEBUG 113675 --- [cloudbalance] [http-nio-8080-exec-4] o.s.security.web.FilterChainProxy        : Secured POST /login/authenticate
2025-04-24T09:41:59.391+05:30 DEBUG 113675 --- [cloudbalance] [http-nio-8080-exec-4] o.s.security.web.FilterChainProxy        : Securing POST /error
2025-04-24T09:41:59.391+05:30 DEBUG 113675 --- [cloudbalance] [http-nio-8080-exec-4] o.s.s.w.a.AnonymousAuthenticationFilter  : Set SecurityContextHolder to anonymous SecurityContext
2025-04-24T09:42:00.433+05:30 DEBUG 113675 --- [cloudbalance] [http-nio-8080-exec-5] o.s.security.web.FilterChainProxy        : Securing GET /login/users
2025-04-24T09:42:00.434+05:30 DEBUG 113675 --- [cloudbalance] [http-nio-8080-exec-5] o.s.s.w.a.AnonymousAuthenticationFilter  : Set SecurityContextHolder to anonymous SecurityContext
2025-04-24T09:42:00.434+05:30 DEBUG 113675 --- [cloudbalance] [http-nio-8080-exec-5] o.s.security.web.FilterChainProxy        : Secured GET /login/users
2025-04-24T09:42:09.445+05:30 DEBUG 113675 --- [cloudbalance] [http-nio-8080-exec-8] o.s.security.web.FilterChainProxy        : Securing OPTIONS /admin/cloud-accounts
2025-04-24T09:42:09.449+05:30 DEBUG 113675 --- [cloudbalance] [http-nio-8080-exec-7] o.s.security.web.FilterChainProxy        : Securing GET /admin/cloud-accounts
2025-04-24T09:42:09.469+05:30 DEBUG 113675 --- [cloudbalance] [http-nio-8080-exec-7] o.s.security.web.FilterChainProxy        : Secured GET /admin/cloud-accounts
2025-04-24T09:42:12.495+05:30 DEBUG 113675 --- [cloudbalance] [http-nio-8080-exec-9] o.s.security.web.FilterChainProxy        : Securing OPTIONS /api/ec2/metadata?roleArn=arn:aws:iam::171403826061:role/parika_aws&region=us-east-1
2025-04-24T09:42:12.497+05:30 DEBUG 113675 --- [cloudbalance] [http-nio-8080-exec-10] o.s.security.web.FilterChainProxy        : Securing GET /api/ec2/metadata?roleArn=arn:aws:iam::171403826061:role/parika_aws&region=us-east-1
2025-04-24T09:42:12.511+05:30 DEBUG 113675 --- [cloudbalance] [http-nio-8080-exec-10] o.s.security.web.FilterChainProxy        : Secured GET /api/ec2/metadata?roleArn=arn:aws:iam::171403826061:role/parika_aws&region=us-east-1
2025-04-24T09:42:17.916+05:30 DEBUG 113675 --- [cloudbalance] [http-nio-8080-exec-1] o.s.security.web.FilterChainProxy        : Securing OPTIONS /api/asg/metadata?roleArn=arn:aws:iam::171403826061:role/parika_aws&region=us-east-1
2025-04-24T09:42:17.919+05:30 DEBUG 113675 --- [cloudbalance] [http-nio-8080-exec-2] o.s.security.web.FilterChainProxy        : Securing GET /api/asg/metadata?roleArn=arn:aws:iam::171403826061:role/parika_aws&region=us-east-1
2025-04-24T09:42:17.927+05:30 DEBUG 113675 --- [cloudbalance] [http-nio-8080-exec-2] o.s.security.web.FilterChainProxy        : Secured GET /api/asg/metadata?roleArn=arn:aws:iam::171403826061:role/parika_aws&region=us-east-1
2025-04-24T09:42:21.893+05:30 DEBUG 113675 --- [cloudbalance] [http-nio-8080-exec-3] o.s.security.web.FilterChainProxy        : Securing OPTIONS /auth/logout
2025-04-24T09:42:21.897+05:30 DEBUG 113675 --- [cloudbalance] [http-nio-8080-exec-6] o.s.security.web.FilterChainProxy        : Securing POST /auth/logout
2025-04-24T09:42:21.917+05:30 DEBUG 113675 --- [cloudbalance] [http-nio-8080-exec-6] o.s.security.web.FilterChainProxy        : Secured POST /auth/logout
2025-04-24T09:42:26.594+05:30 DEBUG 113675 --- [cloudbalance] [http-nio-8080-exec-4] o.s.security.web.FilterChainProxy        : Securing POST /auth/login
2025-04-24T09:42:26.595+05:30 DEBUG 113675 --- [cloudbalance] [http-nio-8080-exec-4] o.s.s.w.a.AnonymousAuthenticationFilter  : Set SecurityContextHolder to anonymous SecurityContext
2025-04-24T09:42:26.595+05:30 DEBUG 113675 --- [cloudbalance] [http-nio-8080-exec-4] o.s.security.web.FilterChainProxy        : Secured POST /auth/login
2025-04-24T09:42:26.671+05:30 DEBUG 113675 --- [cloudbalance] [http-nio-8080-exec-5] o.s.security.web.FilterChainProxy        : Securing POST /login/authenticate
2025-04-24T09:42:26.678+05:30 DEBUG 113675 --- [cloudbalance] [http-nio-8080-exec-5] o.s.security.web.FilterChainProxy        : Secured POST /login/authenticate
2025-04-24T09:42:26.679+05:30 DEBUG 113675 --- [cloudbalance] [http-nio-8080-exec-5] o.s.security.web.FilterChainProxy        : Securing POST /error
2025-04-24T09:42:26.679+05:30 DEBUG 113675 --- [cloudbalance] [http-nio-8080-exec-5] o.s.s.w.a.AnonymousAuthenticationFilter  : Set SecurityContextHolder to anonymous SecurityContext
2025-04-24T09:42:31.048+05:30 DEBUG 113675 --- [cloudbalance] [http-nio-8080-exec-8] o.s.security.web.FilterChainProxy        : Securing OPTIONS /admin/assigned/44
2025-04-24T09:42:31.052+05:30 DEBUG 113675 --- [cloudbalance] [http-nio-8080-exec-7] o.s.security.web.FilterChainProxy        : Securing GET /admin/assigned/44
2025-04-24T09:42:31.072+05:30 DEBUG 113675 --- [cloudbalance] [http-nio-8080-exec-7] o.s.security.web.FilterChainProxy        : Secured GET /admin/assigned/44
2025-04-24T09:42:35.101+05:30 DEBUG 113675 --- [cloudbalance] [http-nio-8080-exec-9] o.s.security.web.FilterChainProxy        : Securing POST /auth/logout
2025-04-24T09:42:35.117+05:30 DEBUG 113675 --- [cloudbalance] [http-nio-8080-exec-9] o.s.security.web.FilterChainProxy        : Secured POST /auth/logout
